{"numFailedTestSuites":1,"numFailedTests":1,"numPassedTestSuites":1,"numPassedTests":3,"numPendingTestSuites":0,"numPendingTests":0,"numRuntimeErrorTestSuites":1,"numTodoTests":0,"numTotalTestSuites":2,"numTotalTests":4,"openHandles":[],"snapshot":{"added":0,"didUpdate":false,"failure":false,"filesAdded":0,"filesRemoved":0,"filesRemovedList":[],"filesUnmatched":0,"filesUpdated":0,"matched":0,"total":0,"unchecked":0,"uncheckedKeysByFile":[],"unmatched":0,"updated":0},"startTime":1683541689338,"success":false,"testResults":[{"assertionResults":[{"ancestorTitles":["ToggleParagraph component"],"duration":79,"failureDetails":[],"failureMessages":[],"fullName":"ToggleParagraph component should not show paragraph at start","invocations":1,"location":null,"numPassingAsserts":1,"retryReasons":[],"status":"passed","title":"should not show paragraph at start"},{"ancestorTitles":["ToggleParagraph component"],"duration":35,"failureDetails":[],"failureMessages":[],"fullName":"ToggleParagraph component should show paragraph after clicking the anchor element once","invocations":1,"location":null,"numPassingAsserts":1,"retryReasons":[],"status":"passed","title":"should show paragraph after clicking the anchor element once"},{"ancestorTitles":["ToggleParagraph component"],"duration":14,"failureDetails":[],"failureMessages":[],"fullName":"ToggleParagraph component should hide paragraph after clicking the anchor element twice","invocations":1,"location":null,"numPassingAsserts":1,"retryReasons":[],"status":"passed","title":"should hide paragraph after clicking the anchor element twice"}],"endTime":1683541692971,"message":"","name":"/home/manas/xobin/frametest/ffrontend/src/routes/about/toggle.test.js","startTime":1683541690861,"status":"passed","summary":""},{"assertionResults":[{"ancestorTitles":["React component"],"duration":0,"failureDetails":[{}],"failureMessages":["Error: ws does not work in the browser. Browser clients must use the native WebSocket object\n    at new Object.<anonymous>.module.exports (/home/manas/xobin/frametest/ffrontend/node_modules/ws/browser.js:4:9)\n    at /home/manas/xobin/frametest/ffrontend/node_modules/puppeteer-core/src/common/NodeWebSocketTransport.ts:30:18\n    at new Promise (<anonymous>)\n    at Function.create (/home/manas/xobin/frametest/ffrontend/node_modules/puppeteer-core/src/common/NodeWebSocketTransport.ts:29:12)\n    at ChromeLauncher.createCDPSocketConnection (/home/manas/xobin/frametest/ffrontend/node_modules/puppeteer-core/src/node/ProductLauncher.ts:294:48)\n    at processTicksAndRejections (node:internal/process/task_queues:96:5)\n    at ChromeLauncher.launch (/home/manas/xobin/frametest/ffrontend/node_modules/puppeteer-core/src/node/ProductLauncher.ts:156:24)\n    at Object.<anonymous> (/home/manas/xobin/frametest/ffrontend/src/routes/about/html.test.js:7:15)"],"fullName":"React component renders correctly","invocations":1,"location":null,"numPassingAsserts":0,"retryReasons":[],"status":"failed","title":"renders correctly"}],"coverage":{},"endTime":1683541694344,"message":"\u001b[1m\u001b[31m  \u001b[1m● \u001b[22m\u001b[1mReact component › renders correctly\u001b[39m\u001b[22m\n\n    ws does not work in the browser. Browser clients must use the native WebSocket object\n\u001b[2m\u001b[22m\n\u001b[2m    \u001b[0m \u001b[90m  5 |\u001b[39m\u001b[0m\u001b[22m\n\u001b[2m    \u001b[0m \u001b[90m  6 |\u001b[39m   beforeAll(\u001b[36masync\u001b[39m () \u001b[33m=>\u001b[39m {\u001b[0m\u001b[22m\n\u001b[2m    \u001b[0m\u001b[31m\u001b[1m>\u001b[22m\u001b[2m\u001b[39m\u001b[90m  7 |\u001b[39m     browser \u001b[33m=\u001b[39m \u001b[36mawait\u001b[39m puppeteer\u001b[33m.\u001b[39mlaunch()\u001b[33m;\u001b[39m\u001b[0m\u001b[22m\n\u001b[2m    \u001b[0m \u001b[90m    |\u001b[39m               \u001b[31m\u001b[1m^\u001b[22m\u001b[2m\u001b[39m\u001b[0m\u001b[22m\n\u001b[2m    \u001b[0m \u001b[90m  8 |\u001b[39m     page \u001b[33m=\u001b[39m \u001b[36mawait\u001b[39m browser\u001b[33m.\u001b[39mnewPage()\u001b[33m;\u001b[39m\u001b[0m\u001b[22m\n\u001b[2m    \u001b[0m \u001b[90m  9 |\u001b[39m   })\u001b[33m;\u001b[39m\u001b[0m\u001b[22m\n\u001b[2m    \u001b[0m \u001b[90m 10 |\u001b[39m\u001b[0m\u001b[22m\n\u001b[2m\u001b[22m\n\u001b[2m      \u001b[2mat new Object.<anonymous>.module.exports (\u001b[22m\u001b[2mnode_modules/ws/browser.js\u001b[2m:4:9)\u001b[22m\u001b[2m\u001b[22m\n\u001b[2m      \u001b[2mat \u001b[22m\u001b[2mnode_modules/puppeteer-core/src/common/NodeWebSocketTransport.ts\u001b[2m:30:18\u001b[22m\u001b[2m\u001b[22m\n\u001b[2m      \u001b[2mat Function.create (\u001b[22m\u001b[2mnode_modules/puppeteer-core/src/common/NodeWebSocketTransport.ts\u001b[2m:29:12)\u001b[22m\u001b[2m\u001b[22m\n\u001b[2m      \u001b[2mat ChromeLauncher.createCDPSocketConnection (\u001b[22m\u001b[2mnode_modules/puppeteer-core/src/node/ProductLauncher.ts\u001b[2m:294:48)\u001b[22m\u001b[2m\u001b[22m\n\u001b[2m      \u001b[2mat ChromeLauncher.launch (\u001b[22m\u001b[2mnode_modules/puppeteer-core/src/node/ProductLauncher.ts\u001b[2m:156:24)\u001b[22m\u001b[2m\u001b[22m\n\u001b[2m      \u001b[2mat Object.<anonymous> (\u001b[22m\u001b[2m\u001b[0m\u001b[36msrc/routes/about/html.test.js\u001b[39m\u001b[0m\u001b[2m:7:15)\u001b[22m\u001b[2m\u001b[22m\n\n\n  \u001b[1m● \u001b[22mTest suite failed to run\n\n    TypeError: Cannot read properties of undefined (reading 'close')\n\n    \u001b[0m \u001b[90m 10 |\u001b[39m\u001b[0m\n    \u001b[0m \u001b[90m 11 |\u001b[39m   afterAll(\u001b[36masync\u001b[39m () \u001b[33m=>\u001b[39m {\u001b[0m\n    \u001b[0m\u001b[31m\u001b[1m>\u001b[22m\u001b[39m\u001b[90m 12 |\u001b[39m     \u001b[36mawait\u001b[39m browser\u001b[33m.\u001b[39mclose()\u001b[33m;\u001b[39m\u001b[0m\n    \u001b[0m \u001b[90m    |\u001b[39m                   \u001b[31m\u001b[1m^\u001b[22m\u001b[39m\u001b[0m\n    \u001b[0m \u001b[90m 13 |\u001b[39m   })\u001b[33m;\u001b[39m\u001b[0m\n    \u001b[0m \u001b[90m 14 |\u001b[39m\u001b[0m\n    \u001b[0m \u001b[90m 15 |\u001b[39m   test(\u001b[32m'renders correctly'\u001b[39m\u001b[33m,\u001b[39m \u001b[36masync\u001b[39m () \u001b[33m=>\u001b[39m {\u001b[0m\n\n      \u001b[2mat Object.close (\u001b[22m\u001b[0m\u001b[36msrc/routes/about/html.test.js\u001b[39m\u001b[0m\u001b[2m:12:19)\u001b[22m\n","name":"/home/manas/xobin/frametest/ffrontend/src/routes/about/html.test.js","startTime":1683541694344,"status":"failed","summary":""}],"wasInterrupted":false}
